#! /usr/local/bin/vvp
:ivl_version "11.0 (devel)" "(s20150603-819-g462ee62f)";
:ivl_delay_selection "TYPICAL";
:vpi_time_precision - 9;
:vpi_module "/usr/local/lib/ivl/system.vpi";
:vpi_module "/usr/local/lib/ivl/vhdl_sys.vpi";
:vpi_module "/usr/local/lib/ivl/vhdl_textio.vpi";
:vpi_module "/usr/local/lib/ivl/v2005_math.vpi";
:vpi_module "/usr/local/lib/ivl/va_math.vpi";
:vpi_module "/usr/local/lib/ivl/v2009.vpi";
S_0x7fffd3f806a0 .scope package, "$unit" "$unit" 2 1;
 .timescale 0 0;
S_0x7fffd3f80870 .scope module, "control_params" "control_params" 3 7;
 .timescale -9 -9;
P_0x7fffd3f6fe60 .param/l "DEV_marhi" 1 3 23, C4<0011>;
P_0x7fffd3f6fea0 .param/l "DEV_marlo" 1 3 22, C4<0010>;
P_0x7fffd3f6fee0 .param/l "DEV_ram" 1 3 20, C4<0000>;
P_0x7fffd3f6ff20 .param/l "DEV_rom" 1 3 21, C4<0001>;
P_0x7fffd3f6ff60 .param/l "DEV_uart" 1 3 24, C4<0110>;
P_0x7fffd3f6ffa0 .param/l "OP_3_unused" 1 3 13, C4<011>;
P_0x7fffd3f6ffe0 .param/l "OP_7_unused" 1 3 17, C4<111>;
P_0x7fffd3f70020 .param/l "OP_dev_eq_const16" 1 3 12, C4<010>;
P_0x7fffd3f70060 .param/l "OP_dev_eq_const8" 1 3 11, C4<001>;
P_0x7fffd3f700a0 .param/l "OP_dev_eq_ram_immed" 1 3 15, C4<101>;
P_0x7fffd3f700e0 .param/l "OP_dev_eq_rom_immed" 1 3 14, C4<100>;
P_0x7fffd3f70120 .param/l "OP_dev_eq_xy_alu" 1 3 10, C4<000>;
P_0x7fffd3f70160 .param/l "OP_ram_immed_eq_dev" 1 3 16, C4<110>;
P_0x7fffd3f701a0 .param/l "TDEV_marhi" 1 3 36, C4<00011>;
P_0x7fffd3f701e0 .param/l "TDEV_marlo" 1 3 35, C4<00010>;
P_0x7fffd3f70220 .param/l "TDEV_ram" 1 3 33, C4<00000>;
P_0x7fffd3f70260 .param/l "TDEV_rom" 1 3 34, C4<00001>;
P_0x7fffd3f702a0 .param/l "TDEV_uart" 1 3 38, C4<00110>;
S_0x7fffd3f704b0 .scope function.vec4.s5, "TDEV" "TDEV" 3 27, 3 27 0, S_0x7fffd3f80870;
 .timescale -9 -9;
; Variable TDEV is vec4 return value of scope S_0x7fffd3f704b0
v0x7fffd3f95b70_0 .var "x", 3 0;
TD_control_params.TDEV ;
    %pushi/vec4 0, 0, 1;
    %load/vec4 v0x7fffd3f95b70_0;
    %concat/vec4; draw_concat_vec4
    %ret/vec4 0, 0, 5;  Assign to TDEV (store_vec4_to_lval)
    %end;
# The file index is used to find the file name in the following table.
:file_names 4;
    "N/A";
    "<interactive>";
    "-";
    "control_params.v";
