#! /usr/local/bin/vvp
:ivl_version "11.0 (devel)" "(s20150603-819-g462ee62f)";
:ivl_delay_selection "TYPICAL";
:vpi_time_precision - 9;
:vpi_module "/usr/local/lib/ivl/system.vpi";
:vpi_module "/usr/local/lib/ivl/vhdl_sys.vpi";
:vpi_module "/usr/local/lib/ivl/vhdl_textio.vpi";
:vpi_module "/usr/local/lib/ivl/v2005_math.vpi";
:vpi_module "/usr/local/lib/ivl/va_math.vpi";
:vpi_module "/usr/local/lib/ivl/v2009.vpi";
S_0x7fffe30f1080 .scope package, "$unit" "$unit" 2 1;
 .timescale 0 0;
S_0x7fffe30f1270 .scope module, "control_decoding" "control_decoding" 3 16;
 .timescale -9 -9;
S_0x7fffe30e2110 .scope function.str, "fAddrMode" "fAddrMode" 3 23, 3 23 0, S_0x7fffe30f1270;
 .timescale -9 -9;
v0x7fffe30e22a0_0 .var "_addrmode_immediate", 0 0;
v0x7fffe310b100_0 .var "_addrmode_pc", 0 0;
v0x7fffe310b1c0_0 .var "_addrmode_register", 0 0;
; Variable fAddrMode is string return value of scope S_0x7fffe30e2110
TD_control_decoding.fAddrMode ;
    %load/vec4 v0x7fffe310b100_0;
    %nor/r;
    %flag_set/vec4 8;
    %jmp/0 T_0.0, 8;
    %pushi/vec4 28771, 0, 24; draw_string_vec4
    %jmp/1 T_0.1, 8;
T_0.0 ; End of true expr.
    %load/vec4 v0x7fffe310b1c0_0;
    %nor/r;
    %flag_set/vec4 9;
    %jmp/0 T_0.2, 9;
    %pushi/vec4 7497063, 0, 24; draw_string_vec4
    %jmp/1 T_0.3, 9;
T_0.2 ; End of true expr.
    %load/vec4 v0x7fffe30e22a0_0;
    %nor/r;
    %flag_set/vec4 10;
    %jmp/0 T_0.4, 10;
    %pushi/vec4 6909293, 0, 24; draw_string_vec4
    %jmp/1 T_0.5, 10;
T_0.4 ; End of true expr.
    %pushi/vec4 2960685, 0, 24; draw_string_vec4
    %jmp/0 T_0.5, 10;
 ; End of false expr.
    %blend;
T_0.5;
    %jmp/0 T_0.3, 9;
 ; End of false expr.
    %blend;
T_0.3;
    %jmp/0 T_0.1, 8;
 ; End of false expr.
    %blend;
T_0.1;
    %pushv/str; Cast BOOL/LOGIC to string
    %ret/str 0; Assign to fAddrMode
    %end;
S_0x7fffe310b350 .scope function.str, "fPhase" "fPhase" 3 17, 3 17 0, S_0x7fffe30f1270;
 .timescale -9 -9;
; Variable fPhase is string return value of scope S_0x7fffe310b350
v0x7fffe310b5c0_0 .var "phaseDecode", 0 0;
v0x7fffe310b680_0 .var "phaseExec", 0 0;
v0x7fffe310b750_0 .var "phaseFetch", 0 0;
TD_control_decoding.fPhase ;
    %load/vec4 v0x7fffe310b750_0;
    %flag_set/vec4 8;
    %jmp/0 T_1.6, 8;
    %pushi/vec4 6710644, 0, 32; draw_string_vec4
    %pushi/vec4 25448, 0, 16; draw_string_vec4
    %concat/vec4; draw_string_vec4
    %jmp/1 T_1.7, 8;
T_1.6 ; End of true expr.
    %load/vec4 v0x7fffe310b5c0_0;
    %flag_set/vec4 9;
    %jmp/0 T_1.8, 9;
    %pushi/vec4 1684366191, 0, 32; draw_string_vec4
    %pushi/vec4 25701, 0, 16; draw_string_vec4
    %concat/vec4; draw_string_vec4
    %jmp/1 T_1.9, 9;
T_1.8 ; End of true expr.
    %load/vec4 v0x7fffe310b680_0;
    %flag_set/vec4 10;
    %jmp/0 T_1.10, 10;
    %pushi/vec4 25976, 0, 32; draw_string_vec4
    %pushi/vec4 25955, 0, 16; draw_string_vec4
    %concat/vec4; draw_string_vec4
    %jmp/1 T_1.11, 10;
T_1.10 ; End of true expr.
    %pushi/vec4 45, 0, 32; draw_string_vec4
    %pushi/vec4 11565, 0, 16; draw_string_vec4
    %concat/vec4; draw_string_vec4
    %jmp/0 T_1.11, 10;
 ; End of false expr.
    %blend;
T_1.11;
    %jmp/0 T_1.9, 9;
 ; End of false expr.
    %blend;
T_1.9;
    %jmp/0 T_1.7, 8;
 ; End of false expr.
    %blend;
T_1.7;
    %pushv/str; Cast BOOL/LOGIC to string
    %ret/str 0; Assign to fPhase
    %end;
S_0x7fffe310b810 .scope function.str, "opName" "opName" 3 37, 3 37 0, S_0x7fffe30f1270;
 .timescale -9 -9;
; Variable opName is string return value of scope S_0x7fffe310b810
v0x7fffe310bdc0_0 .var "opcode", 2 0;
TD_control_decoding.opName ;
    %fork t_1, S_0x7fffe310ba20;
    %jmp t_0;
    .scope S_0x7fffe310ba20;
t_1 ;
    %load/vec4 v0x7fffe310bdc0_0;
    %dup/vec4;
    %pushi/vec4 0, 0, 3;
    %cmp/u;
    %jmp/1 T_2.12, 6;
    %dup/vec4;
    %pushi/vec4 1, 0, 3;
    %cmp/u;
    %jmp/1 T_2.13, 6;
    %dup/vec4;
    %pushi/vec4 2, 0, 3;
    %cmp/u;
    %jmp/1 T_2.14, 6;
    %dup/vec4;
    %pushi/vec4 3, 0, 3;
    %cmp/u;
    %jmp/1 T_2.15, 6;
    %dup/vec4;
    %pushi/vec4 4, 0, 3;
    %cmp/u;
    %jmp/1 T_2.16, 6;
    %dup/vec4;
    %pushi/vec4 5, 0, 3;
    %cmp/u;
    %jmp/1 T_2.17, 6;
    %dup/vec4;
    %pushi/vec4 6, 0, 3;
    %cmp/u;
    %jmp/1 T_2.18, 6;
    %dup/vec4;
    %pushi/vec4 7, 0, 3;
    %cmp/u;
    %jmp/1 T_2.19, 6;
    %vpi_call/w 3 53 "$sformat", v0x7fffe310bc00_0, "??unknown(%b)", v0x7fffe310bdc0_0 {0 0 0};
    %load/str v0x7fffe310bc00_0;
    %ret/str 0; Assign to opName
    %jmp T_2.21;
T_2.12 ;
    %pushi/str "dev_eq_xy_alu";
    %ret/str 0; Assign to opName
    %jmp T_2.21;
T_2.13 ;
    %pushi/str "dev_eq_const8";
    %ret/str 0; Assign to opName
    %jmp T_2.21;
T_2.14 ;
    %pushi/str "dev_eq_const16";
    %ret/str 0; Assign to opName
    %jmp T_2.21;
T_2.15 ;
    %pushi/str "3_unused";
    %ret/str 0; Assign to opName
    %jmp T_2.21;
T_2.16 ;
    %pushi/str "dev_eq_rom_immed";
    %ret/str 0; Assign to opName
    %jmp T_2.21;
T_2.17 ;
    %pushi/str "dev_eq_ram_immed";
    %ret/str 0; Assign to opName
    %jmp T_2.21;
T_2.18 ;
    %pushi/str "ram_immed_eq_dev";
    %ret/str 0; Assign to opName
    %jmp T_2.21;
T_2.19 ;
    %pushi/str "7_unused";
    %ret/str 0; Assign to opName
    %jmp T_2.21;
T_2.21 ;
    %pop/vec4 1;
    %end;
    .scope S_0x7fffe310b810;
t_0 %join;
    %end;
S_0x7fffe310ba20 .scope begin, "$unm_blk_3" "$unm_blk_3" 3 38, 3 38 0, S_0x7fffe310b810;
 .timescale -9 -9;
v0x7fffe310bc00_0 .var/str "ret";
S_0x7fffe30e1a90 .scope module, "control_params" "control_params" 4 7;
 .timescale -9 -9;
P_0x7fffe30e1c20 .param/l "DEV_marhi" 1 4 23, C4<0011>;
P_0x7fffe30e1c60 .param/l "DEV_marlo" 1 4 22, C4<0010>;
P_0x7fffe30e1ca0 .param/l "DEV_ram" 1 4 20, C4<0000>;
P_0x7fffe30e1ce0 .param/l "DEV_rom" 1 4 21, C4<0001>;
P_0x7fffe30e1d20 .param/l "OP_3_unused" 1 4 13, +C4<00000000000000000000000000000011>;
P_0x7fffe30e1d60 .param/l "OP_7_unused" 1 4 17, +C4<00000000000000000000000000000111>;
P_0x7fffe30e1da0 .param/l "OP_dev_eq_const16" 1 4 12, +C4<00000000000000000000000000000010>;
P_0x7fffe30e1de0 .param/l "OP_dev_eq_const8" 1 4 11, +C4<00000000000000000000000000000001>;
P_0x7fffe30e1e20 .param/l "OP_dev_eq_ram_immed" 1 4 15, +C4<00000000000000000000000000000101>;
P_0x7fffe30e1e60 .param/l "OP_dev_eq_rom_immed" 1 4 14, +C4<00000000000000000000000000000100>;
P_0x7fffe30e1ea0 .param/l "OP_dev_eq_xy_alu" 1 4 10, +C4<00000000000000000000000000000000>;
P_0x7fffe30e1ee0 .param/l "OP_ram_immed_eq_dev" 1 4 16, +C4<00000000000000000000000000000110>;
P_0x7fffe30e1f20 .param/l "TDEV_marhi" 1 4 29, C4<00011>;
P_0x7fffe30e1f60 .param/l "TDEV_marlo" 1 4 28, C4<00010>;
P_0x7fffe30e1fa0 .param/l "TDEV_ram" 1 4 26, C4<00000>;
P_0x7fffe30e1fe0 .param/l "TDEV_rom" 1 4 27, C4<00001>;
# The file index is used to find the file name in the following table.
:file_names 5;
    "N/A";
    "<interactive>";
    "-";
    "control_decoding.v";
    "./control_params.v";
